The target system is: Android - 23 - armv7-a
The host system is: Darwin - 22.3.0 - arm64
Compiling the C compiler identification source file "CMakeCCompilerId.c" succeeded.
Compiler: /Users/emilyburton/Library/Android/sdk/ndk/23.1.7779620/toolchains/llvm/prebuilt/darwin-x86_64/bin/clang 
Build flags: 
Id flags: -c;--target=armv7-none-linux-androideabi23 

The output was:
0


Compilation of the C compiler identification source "CMakeCCompilerId.c" produced "CMakeCCompilerId.o"

The C compiler identification is Clang, found in "/Users/emilyburton/Documents/session-android/libsession-util/.cxx/Debug/6s4d6l27/armeabi-v7a/CMakeFiles/3.22.1-g37088a8/CompilerIdC/CMakeCCompilerId.o"

Compiling the CXX compiler identification source file "CMakeCXXCompilerId.cpp" succeeded.
Compiler: /Users/emilyburton/Library/Android/sdk/ndk/23.1.7779620/toolchains/llvm/prebuilt/darwin-x86_64/bin/clang++ 
Build flags: 
Id flags: -c;--target=armv7-none-linux-androideabi23 

The output was:
0


Compilation of the CXX compiler identification source "CMakeCXXCompilerId.cpp" produced "CMakeCXXCompilerId.o"

The CXX compiler identification is Clang, found in "/Users/emilyburton/Documents/session-android/libsession-util/.cxx/Debug/6s4d6l27/armeabi-v7a/CMakeFiles/3.22.1-g37088a8/CompilerIdCXX/CMakeCXXCompilerId.o"

Detecting C compiler ABI info compiled with the following output:
Change Dir: /Users/emilyburton/Documents/session-android/libsession-util/.cxx/Debug/6s4d6l27/armeabi-v7a/CMakeFiles/CMakeTmp

Run Build Command(s):/Users/emilyburton/Library/Android/sdk/cmake/3.22.1/bin/ninja cmTC_89816 && [1/2] Building C object CMakeFiles/cmTC_89816.dir/CMakeCCompilerABI.c.o
Android (7714059, based on r416183c1) clang version 12.0.8 (https://android.googlesource.com/toolchain/llvm-project c935d99d7cf2016289302412d708641d52d2f7ee)
Target: armv7-none-linux-android23
Thread model: posix
InstalledDir: /Users/emilyburton/Library/Android/sdk/ndk/23.1.7779620/toolchains/llvm/prebuilt/darwin-x86_64/bin
Found candidate GCC installation: /Users/emilyburton/Library/Android/sdk/ndk/23.1.7779620/toolchains/llvm/prebuilt/darwin-x86_64/bin/../lib/gcc/arm-linux-androideabi/4.9.x
Selected GCC installation: /Users/emilyburton/Library/Android/sdk/ndk/23.1.7779620/toolchains/llvm/prebuilt/darwin-x86_64/bin/../lib/gcc/arm-linux-androideabi/4.9.x
 (in-process)
 "/Users/emilyburton/Library/Android/sdk/ndk/23.1.7779620/toolchains/llvm/prebuilt/darwin-x86_64/bin/clang" -cc1 -triple thumbv7-none-linux-android23 -emit-obj --mrelax-relocations -mnoexecstack -disable-free -disable-llvm-verifier -discard-value-names -main-file-name CMakeCCompilerABI.c -mrelocation-model pic -pic-level 2 -pic-is-pie -mframe-pointer=all -fno-rounding-math -mconstructor-aliases -munwind-tables -target-cpu generic -target-feature +soft-float-abi -target-feature +vfp2 -target-feature +vfp2sp -target-feature +vfp3 -target-feature +vfp3d16 -target-feature +vfp3d16sp -target-feature +vfp3sp -target-feature -fp16 -target-feature -vfp4 -target-feature -vfp4d16 -target-feature -vfp4d16sp -target-feature -vfp4sp -target-feature -fp-armv8 -target-feature -fp-armv8d16 -target-feature -fp-armv8d16sp -target-feature -fp-armv8sp -target-feature -fullfp16 -target-feature +fp64 -target-feature +d32 -target-feature +neon -target-feature -crypto -target-feature -fp16fml -target-abi aapcs-linux -mfloat-abi soft -fallow-half-arguments-and-returns -fno-split-dwarf-inlining -debug-info-kind=limited -dwarf-version=4 -debugger-tuning=gdb -target-linker-version 650.9 -v -ffunction-sections -fdata-sections -resource-dir /Users/emilyburton/Library/Android/sdk/ndk/23.1.7779620/toolchains/llvm/prebuilt/darwin-x86_64/lib64/clang/12.0.8 -dependency-file CMakeFiles/cmTC_89816.dir/CMakeCCompilerABI.c.o.d -MT CMakeFiles/cmTC_89816.dir/CMakeCCompilerABI.c.o -sys-header-deps -D ANDROID -D _FORTIFY_SOURCE=2 -D NDEBUG -isysroot /Users/emilyburton/Library/Android/sdk/ndk/23.1.7779620/toolchains/llvm/prebuilt/darwin-x86_64/sysroot -internal-isystem /Users/emilyburton/Library/Android/sdk/ndk/23.1.7779620/toolchains/llvm/prebuilt/darwin-x86_64/sysroot/usr/local/include -internal-isystem /Users/emilyburton/Library/Android/sdk/ndk/23.1.7779620/toolchains/llvm/prebuilt/darwin-x86_64/lib64/clang/12.0.8/include -internal-externc-isystem /Users/emilyburton/Library/Android/sdk/ndk/23.1.7779620/toolchains/llvm/prebuilt/darwin-x86_64/sysroot/usr/include/arm-linux-androideabi -internal-externc-isystem /Users/emilyburton/Library/Android/sdk/ndk/23.1.7779620/toolchains/llvm/prebuilt/darwin-x86_64/sysroot/include -internal-externc-isystem /Users/emilyburton/Library/Android/sdk/ndk/23.1.7779620/toolchains/llvm/prebuilt/darwin-x86_64/sysroot/usr/include -O2 -Wformat -fdebug-compilation-dir /Users/emilyburton/Documents/session-android/libsession-util/.cxx/Debug/6s4d6l27/armeabi-v7a/CMakeFiles/CMakeTmp -ferror-limit 19 -stack-protector 2 -fno-signed-char -fgnuc-version=4.2.1 -fexceptions -vectorize-loops -vectorize-slp -o CMakeFiles/cmTC_89816.dir/CMakeCCompilerABI.c.o -x c /Users/emilyburton/Library/Android/sdk/cmake/3.22.1/share/cmake-3.22/Modules/CMakeCCompilerABI.c
clang -cc1 version 12.0.8 based upon LLVM 12.0.8git default target x86_64-apple-darwin22.3.0
ignoring nonexistent directory "/Users/emilyburton/Library/Android/sdk/ndk/23.1.7779620/toolchains/llvm/prebuilt/darwin-x86_64/sysroot/include"
#include "..." search starts here:
#include <...> search starts here:
 /Users/emilyburton/Library/Android/sdk/ndk/23.1.7779620/toolchains/llvm/prebuilt/darwin-x86_64/sysroot/usr/local/include
 /Users/emilyburton/Library/Android/sdk/ndk/23.1.7779620/toolchains/llvm/prebuilt/darwin-x86_64/lib64/clang/12.0.8/include
 /Users/emilyburton/Library/Android/sdk/ndk/23.1.7779620/toolchains/llvm/prebuilt/darwin-x86_64/sysroot/usr/include/arm-linux-androideabi
 /Users/emilyburton/Library/Android/sdk/ndk/23.1.7779620/toolchains/llvm/prebuilt/darwin-x86_64/sysroot/usr/include
End of search list.
[2/2] Linking C executable cmTC_89816
Android (7714059, based on r416183c1) clang version 12.0.8 (https://android.googlesource.com/toolchain/llvm-project c935d99d7cf2016289302412d708641d52d2f7ee)
Target: armv7-none-linux-android23
Thread model: posix
InstalledDir: /Users/emilyburton/Library/Android/sdk/ndk/23.1.7779620/toolchains/llvm/prebuilt/darwin-x86_64/bin
Found candidate GCC installation: /Users/emilyburton/Library/Android/sdk/ndk/23.1.7779620/toolchains/llvm/prebuilt/darwin-x86_64/bin/../lib/gcc/arm-linux-androideabi/4.9.x
Selected GCC installation: /Users/emilyburton/Library/Android/sdk/ndk/23.1.7779620/toolchains/llvm/prebuilt/darwin-x86_64/bin/../lib/gcc/arm-linux-androideabi/4.9.x
 "/Users/emilyburton/Library/Android/sdk/ndk/23.1.7779620/toolchains/llvm/prebuilt/darwin-x86_64/bin/ld" --sysroot=/Users/emilyburton/Library/Android/sdk/ndk/23.1.7779620/toolchains/llvm/prebuilt/darwin-x86_64/sysroot -pie -z noexecstack -EL --warn-shared-textrel -z now -z relro -z max-page-size=4096 -X --hash-style=gnu --enable-new-dtags --eh-frame-hdr -m armelf_linux_eabi -dynamic-linker /system/bin/linker -o cmTC_89816 /Users/emilyburton/Library/Android/sdk/ndk/23.1.7779620/toolchains/llvm/prebuilt/darwin-x86_64/sysroot/usr/lib/arm-linux-androideabi/23/crtbegin_dynamic.o -L/Users/emilyburton/Library/Android/sdk/ndk/23.1.7779620/toolchains/llvm/prebuilt/darwin-x86_64/lib64/clang/12.0.8/lib/linux/arm -L/Users/emilyburton/Library/Android/sdk/ndk/23.1.7779620/toolchains/llvm/prebuilt/darwin-x86_64/bin/../lib/gcc/arm-linux-androideabi/4.9.x -L/Users/emilyburton/Library/Android/sdk/ndk/23.1.7779620/toolchains/llvm/prebuilt/darwin-x86_64/sysroot/usr/lib/arm-linux-androideabi/23 -L/Users/emilyburton/Library/Android/sdk/ndk/23.1.7779620/toolchains/llvm/prebuilt/darwin-x86_64/sysroot/usr/lib/arm-linux-androideabi -L/Users/emilyburton/Library/Android/sdk/ndk/23.1.7779620/toolchains/llvm/prebuilt/darwin-x86_64/sysroot/usr/lib/../lib -L/Users/emilyburton/Library/Android/sdk/ndk/23.1.7779620/toolchains/llvm/prebuilt/darwin-x86_64/sysroot/usr/lib/arm-linux-androideabi/../../lib -L/Users/emilyburton/Library/Android/sdk/ndk/23.1.7779620/toolchains/llvm/prebuilt/darwin-x86_64/sysroot/usr/lib --build-id=sha1 --no-rosegment --fatal-warnings --no-undefined --gc-sections CMakeFiles/cmTC_89816.dir/CMakeCCompilerABI.c.o -latomic -lm /Users/emilyburton/Library/Android/sdk/ndk/23.1.7779620/toolchains/llvm/prebuilt/darwin-x86_64/lib64/clang/12.0.8/lib/linux/libclang_rt.builtins-arm-android.a -l:libunwind.a -ldl -lc /Users/emilyburton/Library/Android/sdk/ndk/23.1.7779620/toolchains/llvm/prebuilt/darwin-x86_64/lib64/clang/12.0.8/lib/linux/libclang_rt.builtins-arm-android.a -l:libunwind.a -ldl /Users/emilyburton/Library/Android/sdk/ndk/23.1.7779620/toolchains/llvm/prebuilt/darwin-x86_64/sysroot/usr/lib/arm-linux-androideabi/23/crtend_android.o



Parsed C implicit include dir info from above output: rv=done
  found start of include info
  found start of implicit include info
    add: [/Users/emilyburton/Library/Android/sdk/ndk/23.1.7779620/toolchains/llvm/prebuilt/darwin-x86_64/sysroot/usr/local/include]
    add: [/Users/emilyburton/Library/Android/sdk/ndk/23.1.7779620/toolchains/llvm/prebuilt/darwin-x86_64/lib64/clang/12.0.8/include]
    add: [/Users/emilyburton/Library/Android/sdk/ndk/23.1.7779620/toolchains/llvm/prebuilt/darwin-x86_64/sysroot/usr/include/arm-linux-androideabi]
    add: [/Users/emilyburton/Library/Android/sdk/ndk/23.1.7779620/toolchains/llvm/prebuilt/darwin-x86_64/sysroot/usr/include]
  end of search list found
  collapse include dir [/Users/emilyburton/Library/Android/sdk/ndk/23.1.7779620/toolchains/llvm/prebuilt/darwin-x86_64/sysroot/usr/local/include] ==> [/Users/emilyburton/Library/Android/sdk/ndk/23.1.7779620/toolchains/llvm/prebuilt/darwin-x86_64/sysroot/usr/local/include]
  collapse include dir [/Users/emilyburton/Library/Android/sdk/ndk/23.1.7779620/toolchains/llvm/prebuilt/darwin-x86_64/lib64/clang/12.0.8/include] ==> [/Users/emilyburton/Library/Android/sdk/ndk/23.1.7779620/toolchains/llvm/prebuilt/darwin-x86_64/lib64/clang/12.0.8/include]
  collapse include dir [/Users/emilyburton/Library/Android/sdk/ndk/23.1.7779620/toolchains/llvm/prebuilt/darwin-x86_64/sysroot/usr/include/arm-linux-androideabi] ==> [/Users/emilyburton/Library/Android/sdk/ndk/23.1.7779620/toolchains/llvm/prebuilt/darwin-x86_64/sysroot/usr/include/arm-linux-androideabi]
  collapse include dir [/Users/emilyburton/Library/Android/sdk/ndk/23.1.7779620/toolchains/llvm/prebuilt/darwin-x86_64/sysroot/usr/include] ==> [/Users/emilyburton/Library/Android/sdk/ndk/23.1.7779620/toolchains/llvm/prebuilt/darwin-x86_64/sysroot/usr/include]
  implicit include dirs: [/Users/emilyburton/Library/Android/sdk/ndk/23.1.7779620/toolchains/llvm/prebuilt/darwin-x86_64/sysroot/usr/local/include;/Users/emilyburton/Library/Android/sdk/ndk/23.1.7779620/toolchains/llvm/prebuilt/darwin-x86_64/lib64/clang/12.0.8/include;/Users/emilyburton/Library/Android/sdk/ndk/23.1.7779620/toolchains/llvm/prebuilt/darwin-x86_64/sysroot/usr/include/arm-linux-androideabi;/Users/emilyburton/Library/Android/sdk/ndk/23.1.7779620/toolchains/llvm/prebuilt/darwin-x86_64/sysroot/usr/include]


Parsed C implicit link information from above output:
  link line regex: [^( *|.*[/\])(ld\.lld|CMAKE_LINK_STARTFILE-NOTFOUND|([^/\]+-)?ld|collect2)[^/\]*( |$)]
  ignore line: [Change Dir: /Users/emilyburton/Documents/session-android/libsession-util/.cxx/Debug/6s4d6l27/armeabi-v7a/CMakeFiles/CMakeTmp]
  ignore line: []
  ignore line: [Run Build Command(s):/Users/emilyburton/Library/Android/sdk/cmake/3.22.1/bin/ninja cmTC_89816 && [1/2] Building C object CMakeFiles/cmTC_89816.dir/CMakeCCompilerABI.c.o]
  ignore line: [Android (7714059  based on r416183c1) clang version 12.0.8 (https://android.googlesource.com/toolchain/llvm-project c935d99d7cf2016289302412d708641d52d2f7ee)]
  ignore line: [Target: armv7-none-linux-android23]
  ignore line: [Thread model: posix]
  ignore line: [InstalledDir: /Users/emilyburton/Library/Android/sdk/ndk/23.1.7779620/toolchains/llvm/prebuilt/darwin-x86_64/bin]
  ignore line: [Found candidate GCC installation: /Users/emilyburton/Library/Android/sdk/ndk/23.1.7779620/toolchains/llvm/prebuilt/darwin-x86_64/bin/../lib/gcc/arm-linux-androideabi/4.9.x]
  ignore line: [Selected GCC installation: /Users/emilyburton/Library/Android/sdk/ndk/23.1.7779620/toolchains/llvm/prebuilt/darwin-x86_64/bin/../lib/gcc/arm-linux-androideabi/4.9.x]
  ignore line: [ (in-process)]
  ignore line: [ "/Users/emilyburton/Library/Android/sdk/ndk/23.1.7779620/toolchains/llvm/prebuilt/darwin-x86_64/bin/clang" -cc1 -triple thumbv7-none-linux-android23 -emit-obj --mrelax-relocations -mnoexecstack -disable-free -disable-llvm-verifier -discard-value-names -main-file-name CMakeCCompilerABI.c -mrelocation-model pic -pic-level 2 -pic-is-pie -mframe-pointer=all -fno-rounding-math -mconstructor-aliases -munwind-tables -target-cpu generic -target-feature +soft-float-abi -target-feature +vfp2 -target-feature +vfp2sp -target-feature +vfp3 -target-feature +vfp3d16 -target-feature +vfp3d16sp -target-feature +vfp3sp -target-feature -fp16 -target-feature -vfp4 -target-feature -vfp4d16 -target-feature -vfp4d16sp -target-feature -vfp4sp -target-feature -fp-armv8 -target-feature -fp-armv8d16 -target-feature -fp-armv8d16sp -target-feature -fp-armv8sp -target-feature -fullfp16 -target-feature +fp64 -target-feature +d32 -target-feature +neon -target-feature -crypto -target-feature -fp16fml -target-abi aapcs-linux -mfloat-abi soft -fallow-half-arguments-and-returns -fno-split-dwarf-inlining -debug-info-kind=limited -dwarf-version=4 -debugger-tuning=gdb -target-linker-version 650.9 -v -ffunction-sections -fdata-sections -resource-dir /Users/emilyburton/Library/Android/sdk/ndk/23.1.7779620/toolchains/llvm/prebuilt/darwin-x86_64/lib64/clang/12.0.8 -dependency-file CMakeFiles/cmTC_89816.dir/CMakeCCompilerABI.c.o.d -MT CMakeFiles/cmTC_89816.dir/CMakeCCompilerABI.c.o -sys-header-deps -D ANDROID -D _FORTIFY_SOURCE=2 -D NDEBUG -isysroot /Users/emilyburton/Library/Android/sdk/ndk/23.1.7779620/toolchains/llvm/prebuilt/darwin-x86_64/sysroot -internal-isystem /Users/emilyburton/Library/Android/sdk/ndk/23.1.7779620/toolchains/llvm/prebuilt/darwin-x86_64/sysroot/usr/local/include -internal-isystem /Users/emilyburton/Library/Android/sdk/ndk/23.1.7779620/toolchains/llvm/prebuilt/darwin-x86_64/lib64/clang/12.0.8/include -internal-externc-isystem /Users/emilyburton/Library/Android/sdk/ndk/23.1.7779620/toolchains/llvm/prebuilt/darwin-x86_64/sysroot/usr/include/arm-linux-androideabi -internal-externc-isystem /Users/emilyburton/Library/Android/sdk/ndk/23.1.7779620/toolchains/llvm/prebuilt/darwin-x86_64/sysroot/include -internal-externc-isystem /Users/emilyburton/Library/Android/sdk/ndk/23.1.7779620/toolchains/llvm/prebuilt/darwin-x86_64/sysroot/usr/include -O2 -Wformat -fdebug-compilation-dir /Users/emilyburton/Documents/session-android/libsession-util/.cxx/Debug/6s4d6l27/armeabi-v7a/CMakeFiles/CMakeTmp -ferror-limit 19 -stack-protector 2 -fno-signed-char -fgnuc-version=4.2.1 -fexceptions -vectorize-loops -vectorize-slp -o CMakeFiles/cmTC_89816.dir/CMakeCCompilerABI.c.o -x c /Users/emilyburton/Library/Android/sdk/cmake/3.22.1/share/cmake-3.22/Modules/CMakeCCompilerABI.c]
  ignore line: [clang -cc1 version 12.0.8 based upon LLVM 12.0.8git default target x86_64-apple-darwin22.3.0]
  ignore line: [ignoring nonexistent directory "/Users/emilyburton/Library/Android/sdk/ndk/23.1.7779620/toolchains/llvm/prebuilt/darwin-x86_64/sysroot/include"]
  ignore line: [#include "..." search starts here:]
  ignore line: [#include <...> search starts here:]
  ignore line: [ /Users/emilyburton/Library/Android/sdk/ndk/23.1.7779620/toolchains/llvm/prebuilt/darwin-x86_64/sysroot/usr/local/include]
  ignore line: [ /Users/emilyburton/Library/Android/sdk/ndk/23.1.7779620/toolchains/llvm/prebuilt/darwin-x86_64/lib64/clang/12.0.8/include]
  ignore line: [ /Users/emilyburton/Library/Android/sdk/ndk/23.1.7779620/toolchains/llvm/prebuilt/darwin-x86_64/sysroot/usr/include/arm-linux-androideabi]
  ignore line: [ /Users/emilyburton/Library/Android/sdk/ndk/23.1.7779620/toolchains/llvm/prebuilt/darwin-x86_64/sysroot/usr/include]
  ignore line: [End of search list.]
  ignore line: [[2/2] Linking C executable cmTC_89816]
  ignore line: [Android (7714059  based on r416183c1) clang version 12.0.8 (https://android.googlesource.com/toolchain/llvm-project c935d99d7cf2016289302412d708641d52d2f7ee)]
  ignore line: [Target: armv7-none-linux-android23]
  ignore line: [Thread model: posix]
  ignore line: [InstalledDir: /Users/emilyburton/Library/Android/sdk/ndk/23.1.7779620/toolchains/llvm/prebuilt/darwin-x86_64/bin]
  ignore line: [Found candidate GCC installation: /Users/emilyburton/Library/Android/sdk/ndk/23.1.7779620/toolchains/llvm/prebuilt/darwin-x86_64/bin/../lib/gcc/arm-linux-androideabi/4.9.x]
  ignore line: [Selected GCC installation: /Users/emilyburton/Library/Android/sdk/ndk/23.1.7779620/toolchains/llvm/prebuilt/darwin-x86_64/bin/../lib/gcc/arm-linux-androideabi/4.9.x]
  link line: [ "/Users/emilyburton/Library/Android/sdk/ndk/23.1.7779620/toolchains/llvm/prebuilt/darwin-x86_64/bin/ld" --sysroot=/Users/emilyburton/Library/Android/sdk/ndk/23.1.7779620/toolchains/llvm/prebuilt/darwin-x86_64/sysroot -pie -z noexecstack -EL --warn-shared-textrel -z now -z relro -z max-page-size=4096 -X --hash-style=gnu --enable-new-dtags --eh-frame-hdr -m armelf_linux_eabi -dynamic-linker /system/bin/linker -o cmTC_89816 /Users/emilyburton/Library/Android/sdk/ndk/23.1.7779620/toolchains/llvm/prebuilt/darwin-x86_64/sysroot/usr/lib/arm-linux-androideabi/23/crtbegin_dynamic.o -L/Users/emilyburton/Library/Android/sdk/ndk/23.1.7779620/toolchains/llvm/prebuilt/darwin-x86_64/lib64/clang/12.0.8/lib/linux/arm -L/Users/emilyburton/Library/Android/sdk/ndk/23.1.7779620/toolchains/llvm/prebuilt/darwin-x86_64/bin/../lib/gcc/arm-linux-androideabi/4.9.x -L/Users/emilyburton/Library/Android/sdk/ndk/23.1.7779620/toolchains/llvm/prebuilt/darwin-x86_64/sysroot/usr/lib/arm-linux-androideabi/23 -L/Users/emilyburton/Library/Android/sdk/ndk/23.1.7779620/toolchains/llvm/prebuilt/darwin-x86_64/sysroot/usr/lib/arm-linux-androideabi -L/Users/emilyburton/Library/Android/sdk/ndk/23.1.7779620/toolchains/llvm/prebuilt/darwin-x86_64/sysroot/usr/lib/../lib -L/Users/emilyburton/Library/Android/sdk/ndk/23.1.7779620/toolchains/llvm/prebuilt/darwin-x86_64/sysroot/usr/lib/arm-linux-androideabi/../../lib -L/Users/emilyburton/Library/Android/sdk/ndk/23.1.7779620/toolchains/llvm/prebuilt/darwin-x86_64/sysroot/usr/lib --build-id=sha1 --no-rosegment --fatal-warnings --no-undefined --gc-sections CMakeFiles/cmTC_89816.dir/CMakeCCompilerABI.c.o -latomic -lm /Users/emilyburton/Library/Android/sdk/ndk/23.1.7779620/toolchains/llvm/prebuilt/darwin-x86_64/lib64/clang/12.0.8/lib/linux/libclang_rt.builtins-arm-android.a -l:libunwind.a -ldl -lc /Users/emilyburton/Library/Android/sdk/ndk/23.1.7779620/toolchains/llvm/prebuilt/darwin-x86_64/lib64/clang/12.0.8/lib/linux/libclang_rt.builtins-arm-android.a -l:libunwind.a -ldl /Users/emilyburton/Library/Android/sdk/ndk/23.1.7779620/toolchains/llvm/prebuilt/darwin-x86_64/sysroot/usr/lib/arm-linux-androideabi/23/crtend_android.o]
    arg [/Users/emilyburton/Library/Android/sdk/ndk/23.1.7779620/toolchains/llvm/prebuilt/darwin-x86_64/bin/ld] ==> ignore
    arg [--sysroot=/Users/emilyburton/Library/Android/sdk/ndk/23.1.7779620/toolchains/llvm/prebuilt/darwin-x86_64/sysroot] ==> ignore
    arg [-pie] ==> ignore
    arg [-znoexecstack] ==> ignore
    arg [-EL] ==> ignore
    arg [--warn-shared-textrel] ==> ignore
    arg [-znow] ==> ignore
    arg [-zrelro] ==> ignore
    arg [-zmax-page-size=4096] ==> ignore
    arg [-X] ==> ignore
    arg [--hash-style=gnu] ==> ignore
    arg [--enable-new-dtags] ==> ignore
    arg [--eh-frame-hdr] ==> ignore
    arg [-m] ==> ignore
    arg [armelf_linux_eabi] ==> ignore
    arg [-dynamic-linker] ==> ignore
    arg [/system/bin/linker] ==> ignore
    arg [-o] ==> ignore
    arg [cmTC_89816] ==> ignore
    arg [/Users/emilyburton/Library/Android/sdk/ndk/23.1.7779620/toolchains/llvm/prebuilt/darwin-x86_64/sysroot/usr/lib/arm-linux-androideabi/23/crtbegin_dynamic.o] ==> obj [/Users/emilyburton/Library/Android/sdk/ndk/23.1.7779620/toolchains/llvm/prebuilt/darwin-x86_64/sysroot/usr/lib/arm-linux-androideabi/23/crtbegin_dynamic.o]
    arg [-L/Users/emilyburton/Library/Android/sdk/ndk/23.1.7779620/toolchains/llvm/prebuilt/darwin-x86_64/lib64/clang/12.0.8/lib/linux/arm] ==> dir [/Users/emilyburton/Library/Android/sdk/ndk/23.1.7779620/toolchains/llvm/prebuilt/darwin-x86_64/lib64/clang/12.0.8/lib/linux/arm]
    arg [-L/Users/emilyburton/Library/Android/sdk/ndk/23.1.7779620/toolchains/llvm/prebuilt/darwin-x86_64/bin/../lib/gcc/arm-linux-androideabi/4.9.x] ==> dir [/Users/emilyburton/Library/Android/sdk/ndk/23.1.7779620/toolchains/llvm/prebuilt/darwin-x86_64/bin/../lib/gcc/arm-linux-androideabi/4.9.x]
    arg [-L/Users/emilyburton/Library/Android/sdk/ndk/23.1.7779620/toolchains/llvm/prebuilt/darwin-x86_64/sysroot/usr/lib/arm-linux-androideabi/23] ==> dir [/Users/emilyburton/Library/Android/sdk/ndk/23.1.7779620/toolchains/llvm/prebuilt/darwin-x86_64/sysroot/usr/lib/arm-linux-androideabi/23]
    arg [-L/Users/emilyburton/Library/Android/sdk/ndk/23.1.7779620/toolchains/llvm/prebuilt/darwin-x86_64/sysroot/usr/lib/arm-linux-androideabi] ==> dir [/Users/emilyburton/Library/Android/sdk/ndk/23.1.7779620/toolchains/llvm/prebuilt/darwin-x86_64/sysroot/usr/lib/arm-linux-androideabi]
    arg [-L/Users/emilyburton/Library/Android/sdk/ndk/23.1.7779620/toolchains/llvm/prebuilt/darwin-x86_64/sysroot/usr/lib/../lib] ==> dir [/Users/emilyburton/Library/Android/sdk/ndk/23.1.7779620/toolchains/llvm/prebuilt/darwin-x86_64/sysroot/usr/lib/../lib]
    arg [-L/Users/emilyburton/Library/Android/sdk/ndk/23.1.7779620/toolchains/llvm/prebuilt/darwin-x86_64/sysroot/usr/lib/arm-linux-androideabi/../../lib] ==> dir [/Users/emilyburton/Library/Android/sdk/ndk/23.1.7779620/toolchains/llvm/prebuilt/darwin-x86_64/sysroot/usr/lib/arm-linux-androideabi/../../lib]
    arg [-L/Users/emilyburton/Library/Android/sdk/ndk/23.1.7779620/toolchains/llvm/prebuilt/darwin-x86_64/sysroot/usr/lib] ==> dir [/Users/emilyburton/Library/Android/sdk/ndk/23.1.7779620/toolchains/llvm/prebuilt/darwin-x86_64/sysroot/usr/lib]
    arg [--build-id=sha1] ==> ignore
    arg [--no-rosegment] ==> ignore
    arg [--fatal-warnings] ==> ignore
    arg [--no-undefined] ==> ignore
    arg [--gc-sections] ==> ignore
    arg [CMakeFiles/cmTC_89816.dir/CMakeCCompilerABI.c.o] ==> ignore
    arg [-latomic] ==> lib [atomic]
    arg [-lm] ==> lib [m]
    arg [/Users/emilyburton/Library/Android/sdk/ndk/23.1.7779620/toolchains/llvm/prebuilt/darwin-x86_64/lib64/clang/12.0.8/lib/linux/libclang_rt.builtins-arm-android.a] ==> lib [/Users/emilyburton/Library/Android/sdk/ndk/23.1.7779620/toolchains/llvm/prebuilt/darwin-x86_64/lib64/clang/12.0.8/lib/linux/libclang_rt.builtins-arm-android.a]
    arg [-l:libunwind.a] ==> lib [-l:libunwind.a]
    arg [-ldl] ==> lib [dl]
    arg [-lc] ==> lib [c]
    arg [/Users/emilyburton/Library/Android/sdk/ndk/23.1.7779620/toolchains/llvm/prebuilt/darwin-x86_64/lib64/clang/12.0.8/lib/linux/libclang_rt.builtins-arm-android.a] ==> lib [/Users/emilyburton/Library/Android/sdk/ndk/23.1.7779620/toolchains/llvm/prebuilt/darwin-x86_64/lib64/clang/12.0.8/lib/linux/libclang_rt.builtins-arm-android.a]
    arg [-l:libunwind.a] ==> lib [-l:libunwind.a]
    arg [-ldl] ==> lib [dl]
    arg [/Users/emilyburton/Library/Android/sdk/ndk/23.1.7779620/toolchains/llvm/prebuilt/darwin-x86_64/sysroot/usr/lib/arm-linux-androideabi/23/crtend_android.o] ==> obj [/Users/emilyburton/Library/Android/sdk/ndk/23.1.7779620/toolchains/llvm/prebuilt/darwin-x86_64/sysroot/usr/lib/arm-linux-androideabi/23/crtend_android.o]
  remove lib [/Users/emilyburton/Library/Android/sdk/ndk/23.1.7779620/toolchains/llvm/prebuilt/darwin-x86_64/lib64/clang/12.0.8/lib/linux/libclang_rt.builtins-arm-android.a]
  remove lib [/Users/emilyburton/Library/Android/sdk/ndk/23.1.7779620/toolchains/llvm/prebuilt/darwin-x86_64/lib64/clang/12.0.8/lib/linux/libclang_rt.builtins-arm-android.a]
  collapse library dir [/Users/emilyburton/Library/Android/sdk/ndk/23.1.7779620/toolchains/llvm/prebuilt/darwin-x86_64/lib64/clang/12.0.8/lib/linux/arm] ==> [/Users/emilyburton/Library/Android/sdk/ndk/23.1.7779620/toolchains/llvm/prebuilt/darwin-x86_64/lib64/clang/12.0.8/lib/linux/arm]
  collapse library dir [/Users/emilyburton/Library/Android/sdk/ndk/23.1.7779620/toolchains/llvm/prebuilt/darwin-x86_64/bin/../lib/gcc/arm-linux-androideabi/4.9.x] ==> [/Users/emilyburton/Library/Android/sdk/ndk/23.1.7779620/toolchains/llvm/prebuilt/darwin-x86_64/lib/gcc/arm-linux-androideabi/4.9.x]
  collapse library dir [/Users/emilyburton/Library/Android/sdk/ndk/23.1.7779620/toolchains/llvm/prebuilt/darwin-x86_64/sysroot/usr/lib/arm-linux-androideabi/23] ==> [/Users/emilyburton/Library/Android/sdk/ndk/23.1.7779620/toolchains/llvm/prebuilt/darwin-x86_64/sysroot/usr/lib/arm-linux-androideabi/23]
  collapse library dir [/Users/emilyburton/Library/Android/sdk/ndk/23.1.7779620/toolchains/llvm/prebuilt/darwin-x86_64/sysroot/usr/lib/arm-linux-androideabi] ==> [/Users/emilyburton/Library/Android/sdk/ndk/23.1.7779620/toolchains/llvm/prebuilt/darwin-x86_64/sysroot/usr/lib/arm-linux-androideabi]
  collapse library dir [/Users/emilyburton/Library/Android/sdk/ndk/23.1.7779620/toolchains/llvm/prebuilt/darwin-x86_64/sysroot/usr/lib/../lib] ==> [/Users/emilyburton/Library/Android/sdk/ndk/23.1.7779620/toolchains/llvm/prebuilt/darwin-x86_64/sysroot/usr/lib]
  collapse library dir [/Users/emilyburton/Library/Android/sdk/ndk/23.1.7779620/toolchains/llvm/prebuilt/darwin-x86_64/sysroot/usr/lib/arm-linux-androideabi/../../lib] ==> [/Users/emilyburton/Library/Android/sdk/ndk/23.1.7779620/toolchains/llvm/prebuilt/darwin-x86_64/sysroot/usr/lib]
  collapse library dir [/Users/emilyburton/Library/Android/sdk/ndk/23.1.7779620/toolchains/llvm/prebuilt/darwin-x86_64/sysroot/usr/lib] ==> [/Users/emilyburton/Library/Android/sdk/ndk/23.1.7779620/toolchains/llvm/prebuilt/darwin-x86_64/sysroot/usr/lib]
  implicit libs: [atomic;m;-l:libunwind.a;dl;c;-l:libunwind.a;dl]
  implicit objs: [/Users/emilyburton/Library/Android/sdk/ndk/23.1.7779620/toolchains/llvm/prebuilt/darwin-x86_64/sysroot/usr/lib/arm-linux-androideabi/23/crtbegin_dynamic.o;/Users/emilyburton/Library/Android/sdk/ndk/23.1.7779620/toolchains/llvm/prebuilt/darwin-x86_64/sysroot/usr/lib/arm-linux-androideabi/23/crtend_android.o]
  implicit dirs: [/Users/emilyburton/Library/Android/sdk/ndk/23.1.7779620/toolchains/llvm/prebuilt/darwin-x86_64/lib64/clang/12.0.8/lib/linux/arm;/Users/emilyburton/Library/Android/sdk/ndk/23.1.7779620/toolchains/llvm/prebuilt/darwin-x86_64/lib/gcc/arm-linux-androideabi/4.9.x;/Users/emilyburton/Library/Android/sdk/ndk/23.1.7779620/toolchains/llvm/prebuilt/darwin-x86_64/sysroot/usr/lib/arm-linux-androideabi/23;/Users/emilyburton/Library/Android/sdk/ndk/23.1.7779620/toolchains/llvm/prebuilt/darwin-x86_64/sysroot/usr/lib/arm-linux-androideabi;/Users/emilyburton/Library/Android/sdk/ndk/23.1.7779620/toolchains/llvm/prebuilt/darwin-x86_64/sysroot/usr/lib]
  implicit fwks: []


Detecting CXX compiler ABI info compiled with the following output:
Change Dir: /Users/emilyburton/Documents/session-android/libsession-util/.cxx/Debug/6s4d6l27/armeabi-v7a/CMakeFiles/CMakeTmp

Run Build Command(s):/Users/emilyburton/Library/Android/sdk/cmake/3.22.1/bin/ninja cmTC_f3e78 && [1/2] Building CXX object CMakeFiles/cmTC_f3e78.dir/CMakeCXXCompilerABI.cpp.o
Android (7714059, based on r416183c1) clang version 12.0.8 (https://android.googlesource.com/toolchain/llvm-project c935d99d7cf2016289302412d708641d52d2f7ee)
Target: armv7-none-linux-android23
Thread model: posix
InstalledDir: /Users/emilyburton/Library/Android/sdk/ndk/23.1.7779620/toolchains/llvm/prebuilt/darwin-x86_64/bin
Found candidate GCC installation: /Users/emilyburton/Library/Android/sdk/ndk/23.1.7779620/toolchains/llvm/prebuilt/darwin-x86_64/bin/../lib/gcc/arm-linux-androideabi/4.9.x
Selected GCC installation: /Users/emilyburton/Library/Android/sdk/ndk/23.1.7779620/toolchains/llvm/prebuilt/darwin-x86_64/bin/../lib/gcc/arm-linux-androideabi/4.9.x
 (in-process)
 "/Users/emilyburton/Library/Android/sdk/ndk/23.1.7779620/toolchains/llvm/prebuilt/darwin-x86_64/bin/clang++" -cc1 -triple thumbv7-none-linux-android23 -emit-obj --mrelax-relocations -mnoexecstack -disable-free -disable-llvm-verifier -discard-value-names -main-file-name CMakeCXXCompilerABI.cpp -mrelocation-model pic -pic-level 2 -pic-is-pie -mframe-pointer=all -fno-rounding-math -mconstructor-aliases -munwind-tables -target-cpu generic -target-feature +soft-float-abi -target-feature +vfp2 -target-feature +vfp2sp -target-feature +vfp3 -target-feature +vfp3d16 -target-feature +vfp3d16sp -target-feature +vfp3sp -target-feature -fp16 -target-feature -vfp4 -target-feature -vfp4d16 -target-feature -vfp4d16sp -target-feature -vfp4sp -target-feature -fp-armv8 -target-feature -fp-armv8d16 -target-feature -fp-armv8d16sp -target-feature -fp-armv8sp -target-feature -fullfp16 -target-feature +fp64 -target-feature +d32 -target-feature +neon -target-feature -crypto -target-feature -fp16fml -target-abi aapcs-linux -mfloat-abi soft -fallow-half-arguments-and-returns -fno-split-dwarf-inlining -debug-info-kind=limited -dwarf-version=4 -debugger-tuning=gdb -target-linker-version 650.9 -v -ffunction-sections -fdata-sections -resource-dir /Users/emilyburton/Library/Android/sdk/ndk/23.1.7779620/toolchains/llvm/prebuilt/darwin-x86_64/lib64/clang/12.0.8 -dependency-file CMakeFiles/cmTC_f3e78.dir/CMakeCXXCompilerABI.cpp.o.d -MT CMakeFiles/cmTC_f3e78.dir/CMakeCXXCompilerABI.cpp.o -sys-header-deps -D ANDROID -D _FORTIFY_SOURCE=2 -D NDEBUG -isysroot /Users/emilyburton/Library/Android/sdk/ndk/23.1.7779620/toolchains/llvm/prebuilt/darwin-x86_64/sysroot -internal-isystem /Users/emilyburton/Library/Android/sdk/ndk/23.1.7779620/toolchains/llvm/prebuilt/darwin-x86_64/sysroot/usr/include/c++/v1 -internal-isystem /Users/emilyburton/Library/Android/sdk/ndk/23.1.7779620/toolchains/llvm/prebuilt/darwin-x86_64/sysroot/usr/local/include -internal-isystem /Users/emilyburton/Library/Android/sdk/ndk/23.1.7779620/toolchains/llvm/prebuilt/darwin-x86_64/lib64/clang/12.0.8/include -internal-externc-isystem /Users/emilyburton/Library/Android/sdk/ndk/23.1.7779620/toolchains/llvm/prebuilt/darwin-x86_64/sysroot/usr/include/arm-linux-androideabi -internal-externc-isystem /Users/emilyburton/Library/Android/sdk/ndk/23.1.7779620/toolchains/llvm/prebuilt/darwin-x86_64/sysroot/include -internal-externc-isystem /Users/emilyburton/Library/Android/sdk/ndk/23.1.7779620/toolchains/llvm/prebuilt/darwin-x86_64/sysroot/usr/include -O2 -Wformat -fdeprecated-macro -fdebug-compilation-dir /Users/emilyburton/Documents/session-android/libsession-util/.cxx/Debug/6s4d6l27/armeabi-v7a/CMakeFiles/CMakeTmp -ferror-limit 19 -stack-protector 2 -fno-signed-char -fgnuc-version=4.2.1 -fcxx-exceptions -fexceptions -vectorize-loops -vectorize-slp -o CMakeFiles/cmTC_f3e78.dir/CMakeCXXCompilerABI.cpp.o -x c++ /Users/emilyburton/Library/Android/sdk/cmake/3.22.1/share/cmake-3.22/Modules/CMakeCXXCompilerABI.cpp
clang -cc1 version 12.0.8 based upon LLVM 12.0.8git default target x86_64-apple-darwin22.3.0
ignoring nonexistent directory "/Users/emilyburton/Library/Android/sdk/ndk/23.1.7779620/toolchains/llvm/prebuilt/darwin-x86_64/sysroot/include"
#include "..." search starts here:
#include <...> search starts here:
 /Users/emilyburton/Library/Android/sdk/ndk/23.1.7779620/toolchains/llvm/prebuilt/darwin-x86_64/sysroot/usr/include/c++/v1
 /Users/emilyburton/Library/Android/sdk/ndk/23.1.7779620/toolchains/llvm/prebuilt/darwin-x86_64/sysroot/usr/local/include
 /Users/emilyburton/Library/Android/sdk/ndk/23.1.7779620/toolchains/llvm/prebuilt/darwin-x86_64/lib64/clang/12.0.8/include
 /Users/emilyburton/Library/Android/sdk/ndk/23.1.7779620/toolchains/llvm/prebuilt/darwin-x86_64/sysroot/usr/include/arm-linux-androideabi
 /Users/emilyburton/Library/Android/sdk/ndk/23.1.7779620/toolchains/llvm/prebuilt/darwin-x86_64/sysroot/usr/include
End of search list.
[2/2] Linking CXX executable cmTC_f3e78
Android (7714059, based on r416183c1) clang version 12.0.8 (https://android.googlesource.com/toolchain/llvm-project c935d99d7cf2016289302412d708641d52d2f7ee)
Target: armv7-none-linux-android23
Thread model: posix
InstalledDir: /Users/emilyburton/Library/Android/sdk/ndk/23.1.7779620/toolchains/llvm/prebuilt/darwin-x86_64/bin
Found candidate GCC installation: /Users/emilyburton/Library/Android/sdk/ndk/23.1.7779620/toolchains/llvm/prebuilt/darwin-x86_64/bin/../lib/gcc/arm-linux-androideabi/4.9.x
Selected GCC installation: /Users/emilyburton/Library/Android/sdk/ndk/23.1.7779620/toolchains/llvm/prebuilt/darwin-x86_64/bin/../lib/gcc/arm-linux-androideabi/4.9.x
 "/Users/emilyburton/Library/Android/sdk/ndk/23.1.7779620/toolchains/llvm/prebuilt/darwin-x86_64/bin/ld" --sysroot=/Users/emilyburton/Library/Android/sdk/ndk/23.1.7779620/toolchains/llvm/prebuilt/darwin-x86_64/sysroot -pie -z noexecstack -EL --warn-shared-textrel -z now -z relro -z max-page-size=4096 -X --hash-style=gnu --enable-new-dtags --eh-frame-hdr -m armelf_linux_eabi -dynamic-linker /system/bin/linker -o cmTC_f3e78 /Users/emilyburton/Library/Android/sdk/ndk/23.1.7779620/toolchains/llvm/prebuilt/darwin-x86_64/sysroot/usr/lib/arm-linux-androideabi/23/crtbegin_dynamic.o -L/Users/emilyburton/Library/Android/sdk/ndk/23.1.7779620/toolchains/llvm/prebuilt/darwin-x86_64/lib64/clang/12.0.8/lib/linux/arm -L/Users/emilyburton/Library/Android/sdk/ndk/23.1.7779620/toolchains/llvm/prebuilt/darwin-x86_64/bin/../lib/gcc/arm-linux-androideabi/4.9.x -L/Users/emilyburton/Library/Android/sdk/ndk/23.1.7779620/toolchains/llvm/prebuilt/darwin-x86_64/sysroot/usr/lib/arm-linux-androideabi/23 -L/Users/emilyburton/Library/Android/sdk/ndk/23.1.7779620/toolchains/llvm/prebuilt/darwin-x86_64/sysroot/usr/lib/arm-linux-androideabi -L/Users/emilyburton/Library/Android/sdk/ndk/23.1.7779620/toolchains/llvm/prebuilt/darwin-x86_64/sysroot/usr/lib/../lib -L/Users/emilyburton/Library/Android/sdk/ndk/23.1.7779620/toolchains/llvm/prebuilt/darwin-x86_64/sysroot/usr/lib/arm-linux-androideabi/../../lib -L/Users/emilyburton/Library/Android/sdk/ndk/23.1.7779620/toolchains/llvm/prebuilt/darwin-x86_64/sysroot/usr/lib --build-id=sha1 --no-rosegment --fatal-warnings --no-undefined --gc-sections CMakeFiles/cmTC_f3e78.dir/CMakeCXXCompilerABI.cpp.o -latomic -lm -Bstatic -lc++ -Bdynamic -lm /Users/emilyburton/Library/Android/sdk/ndk/23.1.7779620/toolchains/llvm/prebuilt/darwin-x86_64/lib64/clang/12.0.8/lib/linux/libclang_rt.builtins-arm-android.a -l:libunwind.a -ldl -lc /Users/emilyburton/Library/Android/sdk/ndk/23.1.7779620/toolchains/llvm/prebuilt/darwin-x86_64/lib64/clang/12.0.8/lib/linux/libclang_rt.builtins-arm-android.a -l:libunwind.a -ldl /Users/emilyburton/Library/Android/sdk/ndk/23.1.7779620/toolchains/llvm/prebuilt/darwin-x86_64/sysroot/usr/lib/arm-linux-androideabi/23/crtend_android.o



Parsed CXX implicit include dir info from above output: rv=done
  found start of include info
  found start of implicit include info
    add: [/Users/emilyburton/Library/Android/sdk/ndk/23.1.7779620/toolchains/llvm/prebuilt/darwin-x86_64/sysroot/usr/include/c++/v1]
    add: [/Users/emilyburton/Library/Android/sdk/ndk/23.1.7779620/toolchains/llvm/prebuilt/darwin-x86_64/sysroot/usr/local/include]
    add: [/Users/emilyburton/Library/Android/sdk/ndk/23.1.7779620/toolchains/llvm/prebuilt/darwin-x86_64/lib64/clang/12.0.8/include]
    add: [/Users/emilyburton/Library/Android/sdk/ndk/23.1.7779620/toolchains/llvm/prebuilt/darwin-x86_64/sysroot/usr/include/arm-linux-androideabi]
    add: [/Users/emilyburton/Library/Android/sdk/ndk/23.1.7779620/toolchains/llvm/prebuilt/darwin-x86_64/sysroot/usr/include]
  end of search list found
  collapse include dir [/Users/emilyburton/Library/Android/sdk/ndk/23.1.7779620/toolchains/llvm/prebuilt/darwin-x86_64/sysroot/usr/include/c++/v1] ==> [/Users/emilyburton/Library/Android/sdk/ndk/23.1.7779620/toolchains/llvm/prebuilt/darwin-x86_64/sysroot/usr/include/c++/v1]
  collapse include dir [/Users/emilyburton/Library/Android/sdk/ndk/23.1.7779620/toolchains/llvm/prebuilt/darwin-x86_64/sysroot/usr/local/include] ==> [/Users/emilyburton/Library/Android/sdk/ndk/23.1.7779620/toolchains/llvm/prebuilt/darwin-x86_64/sysroot/usr/local/include]
  collapse include dir [/Users/emilyburton/Library/Android/sdk/ndk/23.1.7779620/toolchains/llvm/prebuilt/darwin-x86_64/lib64/clang/12.0.8/include] ==> [/Users/emilyburton/Library/Android/sdk/ndk/23.1.7779620/toolchains/llvm/prebuilt/darwin-x86_64/lib64/clang/12.0.8/include]
  collapse include dir [/Users/emilyburton/Library/Android/sdk/ndk/23.1.7779620/toolchains/llvm/prebuilt/darwin-x86_64/sysroot/usr/include/arm-linux-androideabi] ==> [/Users/emilyburton/Library/Android/sdk/ndk/23.1.7779620/toolchains/llvm/prebuilt/darwin-x86_64/sysroot/usr/include/arm-linux-androideabi]
  collapse include dir [/Users/emilyburton/Library/Android/sdk/ndk/23.1.7779620/toolchains/llvm/prebuilt/darwin-x86_64/sysroot/usr/include] ==> [/Users/emilyburton/Library/Android/sdk/ndk/23.1.7779620/toolchains/llvm/prebuilt/darwin-x86_64/sysroot/usr/include]
  implicit include dirs: [/Users/emilyburton/Library/Android/sdk/ndk/23.1.7779620/toolchains/llvm/prebuilt/darwin-x86_64/sysroot/usr/include/c++/v1;/Users/emilyburton/Library/Android/sdk/ndk/23.1.7779620/toolchains/llvm/prebuilt/darwin-x86_64/sysroot/usr/local/include;/Users/emilyburton/Library/Android/sdk/ndk/23.1.7779620/toolchains/llvm/prebuilt/darwin-x86_64/lib64/clang/12.0.8/include;/Users/emilyburton/Library/Android/sdk/ndk/23.1.7779620/toolchains/llvm/prebuilt/darwin-x86_64/sysroot/usr/include/arm-linux-androideabi;/Users/emilyburton/Library/Android/sdk/ndk/23.1.7779620/toolchains/llvm/prebuilt/darwin-x86_64/sysroot/usr/include]


Parsed CXX implicit link information from above output:
  link line regex: [^( *|.*[/\])(ld\.lld|CMAKE_LINK_STARTFILE-NOTFOUND|([^/\]+-)?ld|collect2)[^/\]*( |$)]
  ignore line: [Change Dir: /Users/emilyburton/Documents/session-android/libsession-util/.cxx/Debug/6s4d6l27/armeabi-v7a/CMakeFiles/CMakeTmp]
  ignore line: []
  ignore line: [Run Build Command(s):/Users/emilyburton/Library/Android/sdk/cmake/3.22.1/bin/ninja cmTC_f3e78 && [1/2] Building CXX object CMakeFiles/cmTC_f3e78.dir/CMakeCXXCompilerABI.cpp.o]
  ignore line: [Android (7714059  based on r416183c1) clang version 12.0.8 (https://android.googlesource.com/toolchain/llvm-project c935d99d7cf2016289302412d708641d52d2f7ee)]
  ignore line: [Target: armv7-none-linux-android23]
  ignore line: [Thread model: posix]
  ignore line: [InstalledDir: /Users/emilyburton/Library/Android/sdk/ndk/23.1.7779620/toolchains/llvm/prebuilt/darwin-x86_64/bin]
  ignore line: [Found candidate GCC installation: /Users/emilyburton/Library/Android/sdk/ndk/23.1.7779620/toolchains/llvm/prebuilt/darwin-x86_64/bin/../lib/gcc/arm-linux-androideabi/4.9.x]
  ignore line: [Selected GCC installation: /Users/emilyburton/Library/Android/sdk/ndk/23.1.7779620/toolchains/llvm/prebuilt/darwin-x86_64/bin/../lib/gcc/arm-linux-androideabi/4.9.x]
  ignore line: [ (in-process)]
  ignore line: [ "/Users/emilyburton/Library/Android/sdk/ndk/23.1.7779620/toolchains/llvm/prebuilt/darwin-x86_64/bin/clang++" -cc1 -triple thumbv7-none-linux-android23 -emit-obj --mrelax-relocations -mnoexecstack -disable-free -disable-llvm-verifier -discard-value-names -main-file-name CMakeCXXCompilerABI.cpp -mrelocation-model pic -pic-level 2 -pic-is-pie -mframe-pointer=all -fno-rounding-math -mconstructor-aliases -munwind-tables -target-cpu generic -target-feature +soft-float-abi -target-feature +vfp2 -target-feature +vfp2sp -target-feature +vfp3 -target-feature +vfp3d16 -target-feature +vfp3d16sp -target-feature +vfp3sp -target-feature -fp16 -target-feature -vfp4 -target-feature -vfp4d16 -target-feature -vfp4d16sp -target-feature -vfp4sp -target-feature -fp-armv8 -target-feature -fp-armv8d16 -target-feature -fp-armv8d16sp -target-feature -fp-armv8sp -target-feature -fullfp16 -target-feature +fp64 -target-feature +d32 -target-feature +neon -target-feature -crypto -target-feature -fp16fml -target-abi aapcs-linux -mfloat-abi soft -fallow-half-arguments-and-returns -fno-split-dwarf-inlining -debug-info-kind=limited -dwarf-version=4 -debugger-tuning=gdb -target-linker-version 650.9 -v -ffunction-sections -fdata-sections -resource-dir /Users/emilyburton/Library/Android/sdk/ndk/23.1.7779620/toolchains/llvm/prebuilt/darwin-x86_64/lib64/clang/12.0.8 -dependency-file CMakeFiles/cmTC_f3e78.dir/CMakeCXXCompilerABI.cpp.o.d -MT CMakeFiles/cmTC_f3e78.dir/CMakeCXXCompilerABI.cpp.o -sys-header-deps -D ANDROID -D _FORTIFY_SOURCE=2 -D NDEBUG -isysroot /Users/emilyburton/Library/Android/sdk/ndk/23.1.7779620/toolchains/llvm/prebuilt/darwin-x86_64/sysroot -internal-isystem /Users/emilyburton/Library/Android/sdk/ndk/23.1.7779620/toolchains/llvm/prebuilt/darwin-x86_64/sysroot/usr/include/c++/v1 -internal-isystem /Users/emilyburton/Library/Android/sdk/ndk/23.1.7779620/toolchains/llvm/prebuilt/darwin-x86_64/sysroot/usr/local/include -internal-isystem /Users/emilyburton/Library/Android/sdk/ndk/23.1.7779620/toolchains/llvm/prebuilt/darwin-x86_64/lib64/clang/12.0.8/include -internal-externc-isystem /Users/emilyburton/Library/Android/sdk/ndk/23.1.7779620/toolchains/llvm/prebuilt/darwin-x86_64/sysroot/usr/include/arm-linux-androideabi -internal-externc-isystem /Users/emilyburton/Library/Android/sdk/ndk/23.1.7779620/toolchains/llvm/prebuilt/darwin-x86_64/sysroot/include -internal-externc-isystem /Users/emilyburton/Library/Android/sdk/ndk/23.1.7779620/toolchains/llvm/prebuilt/darwin-x86_64/sysroot/usr/include -O2 -Wformat -fdeprecated-macro -fdebug-compilation-dir /Users/emilyburton/Documents/session-android/libsession-util/.cxx/Debug/6s4d6l27/armeabi-v7a/CMakeFiles/CMakeTmp -ferror-limit 19 -stack-protector 2 -fno-signed-char -fgnuc-version=4.2.1 -fcxx-exceptions -fexceptions -vectorize-loops -vectorize-slp -o CMakeFiles/cmTC_f3e78.dir/CMakeCXXCompilerABI.cpp.o -x c++ /Users/emilyburton/Library/Android/sdk/cmake/3.22.1/share/cmake-3.22/Modules/CMakeCXXCompilerABI.cpp]
  ignore line: [clang -cc1 version 12.0.8 based upon LLVM 12.0.8git default target x86_64-apple-darwin22.3.0]
  ignore line: [ignoring nonexistent directory "/Users/emilyburton/Library/Android/sdk/ndk/23.1.7779620/toolchains/llvm/prebuilt/darwin-x86_64/sysroot/include"]
  ignore line: [#include "..." search starts here:]
  ignore line: [#include <...> search starts here:]
  ignore line: [ /Users/emilyburton/Library/Android/sdk/ndk/23.1.7779620/toolchains/llvm/prebuilt/darwin-x86_64/sysroot/usr/include/c++/v1]
  ignore line: [ /Users/emilyburton/Library/Android/sdk/ndk/23.1.7779620/toolchains/llvm/prebuilt/darwin-x86_64/sysroot/usr/local/include]
  ignore line: [ /Users/emilyburton/Library/Android/sdk/ndk/23.1.7779620/toolchains/llvm/prebuilt/darwin-x86_64/lib64/clang/12.0.8/include]
  ignore line: [ /Users/emilyburton/Library/Android/sdk/ndk/23.1.7779620/toolchains/llvm/prebuilt/darwin-x86_64/sysroot/usr/include/arm-linux-androideabi]
  ignore line: [ /Users/emilyburton/Library/Android/sdk/ndk/23.1.7779620/toolchains/llvm/prebuilt/darwin-x86_64/sysroot/usr/include]
  ignore line: [End of search list.]
  ignore line: [[2/2] Linking CXX executable cmTC_f3e78]
  ignore line: [Android (7714059  based on r416183c1) clang version 12.0.8 (https://android.googlesource.com/toolchain/llvm-project c935d99d7cf2016289302412d708641d52d2f7ee)]
  ignore line: [Target: armv7-none-linux-android23]
  ignore line: [Thread model: posix]
  ignore line: [InstalledDir: /Users/emilyburton/Library/Android/sdk/ndk/23.1.7779620/toolchains/llvm/prebuilt/darwin-x86_64/bin]
  ignore line: [Found candidate GCC installation: /Users/emilyburton/Library/Android/sdk/ndk/23.1.7779620/toolchains/llvm/prebuilt/darwin-x86_64/bin/../lib/gcc/arm-linux-androideabi/4.9.x]
  ignore line: [Selected GCC installation: /Users/emilyburton/Library/Android/sdk/ndk/23.1.7779620/toolchains/llvm/prebuilt/darwin-x86_64/bin/../lib/gcc/arm-linux-androideabi/4.9.x]
  link line: [ "/Users/emilyburton/Library/Android/sdk/ndk/23.1.7779620/toolchains/llvm/prebuilt/darwin-x86_64/bin/ld" --sysroot=/Users/emilyburton/Library/Android/sdk/ndk/23.1.7779620/toolchains/llvm/prebuilt/darwin-x86_64/sysroot -pie -z noexecstack -EL --warn-shared-textrel -z now -z relro -z max-page-size=4096 -X --hash-style=gnu --enable-new-dtags --eh-frame-hdr -m armelf_linux_eabi -dynamic-linker /system/bin/linker -o cmTC_f3e78 /Users/emilyburton/Library/Android/sdk/ndk/23.1.7779620/toolchains/llvm/prebuilt/darwin-x86_64/sysroot/usr/lib/arm-linux-androideabi/23/crtbegin_dynamic.o -L/Users/emilyburton/Library/Android/sdk/ndk/23.1.7779620/toolchains/llvm/prebuilt/darwin-x86_64/lib64/clang/12.0.8/lib/linux/arm -L/Users/emilyburton/Library/Android/sdk/ndk/23.1.7779620/toolchains/llvm/prebuilt/darwin-x86_64/bin/../lib/gcc/arm-linux-androideabi/4.9.x -L/Users/emilyburton/Library/Android/sdk/ndk/23.1.7779620/toolchains/llvm/prebuilt/darwin-x86_64/sysroot/usr/lib/arm-linux-androideabi/23 -L/Users/emilyburton/Library/Android/sdk/ndk/23.1.7779620/toolchains/llvm/prebuilt/darwin-x86_64/sysroot/usr/lib/arm-linux-androideabi -L/Users/emilyburton/Library/Android/sdk/ndk/23.1.7779620/toolchains/llvm/prebuilt/darwin-x86_64/sysroot/usr/lib/../lib -L/Users/emilyburton/Library/Android/sdk/ndk/23.1.7779620/toolchains/llvm/prebuilt/darwin-x86_64/sysroot/usr/lib/arm-linux-androideabi/../../lib -L/Users/emilyburton/Library/Android/sdk/ndk/23.1.7779620/toolchains/llvm/prebuilt/darwin-x86_64/sysroot/usr/lib --build-id=sha1 --no-rosegment --fatal-warnings --no-undefined --gc-sections CMakeFiles/cmTC_f3e78.dir/CMakeCXXCompilerABI.cpp.o -latomic -lm -Bstatic -lc++ -Bdynamic -lm /Users/emilyburton/Library/Android/sdk/ndk/23.1.7779620/toolchains/llvm/prebuilt/darwin-x86_64/lib64/clang/12.0.8/lib/linux/libclang_rt.builtins-arm-android.a -l:libunwind.a -ldl -lc /Users/emilyburton/Library/Android/sdk/ndk/23.1.7779620/toolchains/llvm/prebuilt/darwin-x86_64/lib64/clang/12.0.8/lib/linux/libclang_rt.builtins-arm-android.a -l:libunwind.a -ldl /Users/emilyburton/Library/Android/sdk/ndk/23.1.7779620/toolchains/llvm/prebuilt/darwin-x86_64/sysroot/usr/lib/arm-linux-androideabi/23/crtend_android.o]
    arg [/Users/emilyburton/Library/Android/sdk/ndk/23.1.7779620/toolchains/llvm/prebuilt/darwin-x86_64/bin/ld] ==> ignore
    arg [--sysroot=/Users/emilyburton/Library/Android/sdk/ndk/23.1.7779620/toolchains/llvm/prebuilt/darwin-x86_64/sysroot] ==> ignore
    arg [-pie] ==> ignore
    arg [-znoexecstack] ==> ignore
    arg [-EL] ==> ignore
    arg [--warn-shared-textrel] ==> ignore
    arg [-znow] ==> ignore
    arg [-zrelro] ==> ignore
    arg [-zmax-page-size=4096] ==> ignore
    arg [-X] ==> ignore
    arg [--hash-style=gnu] ==> ignore
    arg [--enable-new-dtags] ==> ignore
    arg [--eh-frame-hdr] ==> ignore
    arg [-m] ==> ignore
    arg [armelf_linux_eabi] ==> ignore
    arg [-dynamic-linker] ==> ignore
    arg [/system/bin/linker] ==> ignore
    arg [-o] ==> ignore
    arg [cmTC_f3e78] ==> ignore
    arg [/Users/emilyburton/Library/Android/sdk/ndk/23.1.7779620/toolchains/llvm/prebuilt/darwin-x86_64/sysroot/usr/lib/arm-linux-androideabi/23/crtbegin_dynamic.o] ==> obj [/Users/emilyburton/Library/Android/sdk/ndk/23.1.7779620/toolchains/llvm/prebuilt/darwin-x86_64/sysroot/usr/lib/arm-linux-androideabi/23/crtbegin_dynamic.o]
    arg [-L/Users/emilyburton/Library/Android/sdk/ndk/23.1.7779620/toolchains/llvm/prebuilt/darwin-x86_64/lib64/clang/12.0.8/lib/linux/arm] ==> dir [/Users/emilyburton/Library/Android/sdk/ndk/23.1.7779620/toolchains/llvm/prebuilt/darwin-x86_64/lib64/clang/12.0.8/lib/linux/arm]
    arg [-L/Users/emilyburton/Library/Android/sdk/ndk/23.1.7779620/toolchains/llvm/prebuilt/darwin-x86_64/bin/../lib/gcc/arm-linux-androideabi/4.9.x] ==> dir [/Users/emilyburton/Library/Android/sdk/ndk/23.1.7779620/toolchains/llvm/prebuilt/darwin-x86_64/bin/../lib/gcc/arm-linux-androideabi/4.9.x]
    arg [-L/Users/emilyburton/Library/Android/sdk/ndk/23.1.7779620/toolchains/llvm/prebuilt/darwin-x86_64/sysroot/usr/lib/arm-linux-androideabi/23] ==> dir [/Users/emilyburton/Library/Android/sdk/ndk/23.1.7779620/toolchains/llvm/prebuilt/darwin-x86_64/sysroot/usr/lib/arm-linux-androideabi/23]
    arg [-L/Users/emilyburton/Library/Android/sdk/ndk/23.1.7779620/toolchains/llvm/prebuilt/darwin-x86_64/sysroot/usr/lib/arm-linux-androideabi] ==> dir [/Users/emilyburton/Library/Android/sdk/ndk/23.1.7779620/toolchains/llvm/prebuilt/darwin-x86_64/sysroot/usr/lib/arm-linux-androideabi]
    arg [-L/Users/emilyburton/Library/Android/sdk/ndk/23.1.7779620/toolchains/llvm/prebuilt/darwin-x86_64/sysroot/usr/lib/../lib] ==> dir [/Users/emilyburton/Library/Android/sdk/ndk/23.1.7779620/toolchains/llvm/prebuilt/darwin-x86_64/sysroot/usr/lib/../lib]
    arg [-L/Users/emilyburton/Library/Android/sdk/ndk/23.1.7779620/toolchains/llvm/prebuilt/darwin-x86_64/sysroot/usr/lib/arm-linux-androideabi/../../lib] ==> dir [/Users/emilyburton/Library/Android/sdk/ndk/23.1.7779620/toolchains/llvm/prebuilt/darwin-x86_64/sysroot/usr/lib/arm-linux-androideabi/../../lib]
    arg [-L/Users/emilyburton/Library/Android/sdk/ndk/23.1.7779620/toolchains/llvm/prebuilt/darwin-x86_64/sysroot/usr/lib] ==> dir [/Users/emilyburton/Library/Android/sdk/ndk/23.1.7779620/toolchains/llvm/prebuilt/darwin-x86_64/sysroot/usr/lib]
    arg [--build-id=sha1] ==> ignore
    arg [--no-rosegment] ==> ignore
    arg [--fatal-warnings] ==> ignore
    arg [--no-undefined] ==> ignore
    arg [--gc-sections] ==> ignore
    arg [CMakeFiles/cmTC_f3e78.dir/CMakeCXXCompilerABI.cpp.o] ==> ignore
    arg [-latomic] ==> lib [atomic]
    arg [-lm] ==> lib [m]
    arg [-Bstatic] ==> search static
    arg [-lc++] ==> lib [c++]
    arg [-Bdynamic] ==> search dynamic
    arg [-lm] ==> lib [m]
    arg [/Users/emilyburton/Library/Android/sdk/ndk/23.1.7779620/toolchains/llvm/prebuilt/darwin-x86_64/lib64/clang/12.0.8/lib/linux/libclang_rt.builtins-arm-android.a] ==> lib [/Users/emilyburton/Library/Android/sdk/ndk/23.1.7779620/toolchains/llvm/prebuilt/darwin-x86_64/lib64/clang/12.0.8/lib/linux/libclang_rt.builtins-arm-android.a]
    arg [-l:libunwind.a] ==> lib [-l:libunwind.a]
    arg [-ldl] ==> lib [dl]
    arg [-lc] ==> lib [c]
    arg [/Users/emilyburton/Library/Android/sdk/ndk/23.1.7779620/toolchains/llvm/prebuilt/darwin-x86_64/lib64/clang/12.0.8/lib/linux/libclang_rt.builtins-arm-android.a] ==> lib [/Users/emilyburton/Library/Android/sdk/ndk/23.1.7779620/toolchains/llvm/prebuilt/darwin-x86_64/lib64/clang/12.0.8/lib/linux/libclang_rt.builtins-arm-android.a]
    arg [-l:libunwind.a] ==> lib [-l:libunwind.a]
    arg [-ldl] ==> lib [dl]
    arg [/Users/emilyburton/Library/Android/sdk/ndk/23.1.7779620/toolchains/llvm/prebuilt/darwin-x86_64/sysroot/usr/lib/arm-linux-androideabi/23/crtend_android.o] ==> obj [/Users/emilyburton/Library/Android/sdk/ndk/23.1.7779620/toolchains/llvm/prebuilt/darwin-x86_64/sysroot/usr/lib/arm-linux-androideabi/23/crtend_android.o]
  remove lib [/Users/emilyburton/Library/Android/sdk/ndk/23.1.7779620/toolchains/llvm/prebuilt/darwin-x86_64/lib64/clang/12.0.8/lib/linux/libclang_rt.builtins-arm-android.a]
  remove lib [/Users/emilyburton/Library/Android/sdk/ndk/23.1.7779620/toolchains/llvm/prebuilt/darwin-x86_64/lib64/clang/12.0.8/lib/linux/libclang_rt.builtins-arm-android.a]
  collapse library dir [/Users/emilyburton/Library/Android/sdk/ndk/23.1.7779620/toolchains/llvm/prebuilt/darwin-x86_64/lib64/clang/12.0.8/lib/linux/arm] ==> [/Users/emilyburton/Library/Android/sdk/ndk/23.1.7779620/toolchains/llvm/prebuilt/darwin-x86_64/lib64/clang/12.0.8/lib/linux/arm]
  collapse library dir [/Users/emilyburton/Library/Android/sdk/ndk/23.1.7779620/toolchains/llvm/prebuilt/darwin-x86_64/bin/../lib/gcc/arm-linux-androideabi/4.9.x] ==> [/Users/emilyburton/Library/Android/sdk/ndk/23.1.7779620/toolchains/llvm/prebuilt/darwin-x86_64/lib/gcc/arm-linux-androideabi/4.9.x]
  collapse library dir [/Users/emilyburton/Library/Android/sdk/ndk/23.1.7779620/toolchains/llvm/prebuilt/darwin-x86_64/sysroot/usr/lib/arm-linux-androideabi/23] ==> [/Users/emilyburton/Library/Android/sdk/ndk/23.1.7779620/toolchains/llvm/prebuilt/darwin-x86_64/sysroot/usr/lib/arm-linux-androideabi/23]
  collapse library dir [/Users/emilyburton/Library/Android/sdk/ndk/23.1.7779620/toolchains/llvm/prebuilt/darwin-x86_64/sysroot/usr/lib/arm-linux-androideabi] ==> [/Users/emilyburton/Library/Android/sdk/ndk/23.1.7779620/toolchains/llvm/prebuilt/darwin-x86_64/sysroot/usr/lib/arm-linux-androideabi]
  collapse library dir [/Users/emilyburton/Library/Android/sdk/ndk/23.1.7779620/toolchains/llvm/prebuilt/darwin-x86_64/sysroot/usr/lib/../lib] ==> [/Users/emilyburton/Library/Android/sdk/ndk/23.1.7779620/toolchains/llvm/prebuilt/darwin-x86_64/sysroot/usr/lib]
  collapse library dir [/Users/emilyburton/Library/Android/sdk/ndk/23.1.7779620/toolchains/llvm/prebuilt/darwin-x86_64/sysroot/usr/lib/arm-linux-androideabi/../../lib] ==> [/Users/emilyburton/Library/Android/sdk/ndk/23.1.7779620/toolchains/llvm/prebuilt/darwin-x86_64/sysroot/usr/lib]
  collapse library dir [/Users/emilyburton/Library/Android/sdk/ndk/23.1.7779620/toolchains/llvm/prebuilt/darwin-x86_64/sysroot/usr/lib] ==> [/Users/emilyburton/Library/Android/sdk/ndk/23.1.7779620/toolchains/llvm/prebuilt/darwin-x86_64/sysroot/usr/lib]
  implicit libs: [atomic;m;c++;m;-l:libunwind.a;dl;c;-l:libunwind.a;dl]
  implicit objs: [/Users/emilyburton/Library/Android/sdk/ndk/23.1.7779620/toolchains/llvm/prebuilt/darwin-x86_64/sysroot/usr/lib/arm-linux-androideabi/23/crtbegin_dynamic.o;/Users/emilyburton/Library/Android/sdk/ndk/23.1.7779620/toolchains/llvm/prebuilt/darwin-x86_64/sysroot/usr/lib/arm-linux-androideabi/23/crtend_android.o]
  implicit dirs: [/Users/emilyburton/Library/Android/sdk/ndk/23.1.7779620/toolchains/llvm/prebuilt/darwin-x86_64/lib64/clang/12.0.8/lib/linux/arm;/Users/emilyburton/Library/Android/sdk/ndk/23.1.7779620/toolchains/llvm/prebuilt/darwin-x86_64/lib/gcc/arm-linux-androideabi/4.9.x;/Users/emilyburton/Library/Android/sdk/ndk/23.1.7779620/toolchains/llvm/prebuilt/darwin-x86_64/sysroot/usr/lib/arm-linux-androideabi/23;/Users/emilyburton/Library/Android/sdk/ndk/23.1.7779620/toolchains/llvm/prebuilt/darwin-x86_64/sysroot/usr/lib/arm-linux-androideabi;/Users/emilyburton/Library/Android/sdk/ndk/23.1.7779620/toolchains/llvm/prebuilt/darwin-x86_64/sysroot/usr/lib]
  implicit fwks: []


Checking whether the ASM compiler is Clang using "--version" matched "(clang version)":
Android (7714059, based on r416183c1) clang version 12.0.8 (https://android.googlesource.com/toolchain/llvm-project c935d99d7cf2016289302412d708641d52d2f7ee)
Target: x86_64-apple-darwin22.3.0
Thread model: posix
InstalledDir: /Users/emilyburton/Library/Android/sdk/ndk/23.1.7779620/toolchains/llvm/prebuilt/darwin-x86_64/bin
Performing C SOURCE FILE Test HAVE_C_VARARRAYS succeeded with the following output:
Change Dir: /Users/emilyburton/Documents/session-android/libsession-util/.cxx/Debug/6s4d6l27/armeabi-v7a/CMakeFiles/CMakeTmp

Run Build Command(s):/Users/emilyburton/Library/Android/sdk/cmake/3.22.1/bin/ninja cmTC_9c938 && [1/2] Building C object CMakeFiles/cmTC_9c938.dir/src.c.o
[2/2] Linking C executable cmTC_9c938


Source file was:
/* Test for VLA support.  This test is partly inspired
		  from examples in the C standard.  Use at least two VLA
		  functions to detect the GCC 3.4.3 bug described in:
		  https://lists.gnu.org/archive/html/bug-gnulib/2014-08/msg00014.html
		  */
	       #ifdef __STDC_NO_VLA__
		syntax error;
	       #else
		 extern int n;
		 int B[100];
		 int fvla (int m, int C[m][m]);

		 int
		 simple (int count, int all[static count])
		 {
		   return all[count - 1];
		 }

		 int
		 fvla (int m, int C[m][m])
		 {
		   typedef int VLA[m][m];
		   VLA x;
		   int D[m];
		   static int (*q)[m] = &B;
		   int (*s)[n] = q;
		   return C && &x[0][0] == &D[0] && &D[0] == s[0];
		 }
	       #endif

int
main (void)
{

  ;
  return 0;
}

Performing C SOURCE FILE Test HAVE_ALLOCA succeeded with the following output:
Change Dir: /Users/emilyburton/Documents/session-android/libsession-util/.cxx/Debug/6s4d6l27/armeabi-v7a/CMakeFiles/CMakeTmp

Run Build Command(s):/Users/emilyburton/Library/Android/sdk/cmake/3.22.1/bin/ninja cmTC_a79b3 && [1/2] Building C object CMakeFiles/cmTC_a79b3.dir/src.c.o
[2/2] Linking C executable cmTC_a79b3


Source file was:
#include <stdlib.h>
#include <stddef.h>
#ifndef alloca
# ifdef __GNUC__
#  define alloca __builtin_alloca
# elif defined _MSC_VER
#  include <malloc.h>
#  define alloca _alloca
# else
#  ifdef  __cplusplus
extern "C"
#  endif
void *alloca (size_t);
# endif
#endif

int
main (void)
{
char *p = (char *) alloca (1);
				    if (p) return 0;
  ;
  return 0;
}

Performing C++ SOURCE FILE Test CXX_FLAG_STD_CPLUSPLUS11 succeeded with the following output:
Change Dir: /Users/emilyburton/Documents/session-android/libsession-util/.cxx/Debug/6s4d6l27/armeabi-v7a/CMakeFiles/CMakeTmp

Run Build Command(s):/Users/emilyburton/Library/Android/sdk/cmake/3.22.1/bin/ninja cmTC_75ac2 && [1/2] Building CXX object CMakeFiles/cmTC_75ac2.dir/src.cxx.o
[2/2] Linking CXX executable cmTC_75ac2


Source file was:
int main() { return 0; }
Performing C SOURCE FILE Test C_FLAG_STD_C99 succeeded with the following output:
Change Dir: /Users/emilyburton/Documents/session-android/libsession-util/.cxx/Debug/6s4d6l27/armeabi-v7a/CMakeFiles/CMakeTmp

Run Build Command(s):/Users/emilyburton/Library/Android/sdk/cmake/3.22.1/bin/ninja cmTC_589d6 && [1/2] Building C object CMakeFiles/cmTC_589d6.dir/src.c.o
[2/2] Linking C executable cmTC_589d6


Source file was:
int main(void) { return 0; }
Performing C SOURCE FILE Test C_FLAG_WALL succeeded with the following output:
Change Dir: /Users/emilyburton/Documents/session-android/libsession-util/.cxx/Debug/6s4d6l27/armeabi-v7a/CMakeFiles/CMakeTmp

Run Build Command(s):/Users/emilyburton/Library/Android/sdk/cmake/3.22.1/bin/ninja cmTC_c3f2c && [1/2] Building C object CMakeFiles/cmTC_c3f2c.dir/src.c.o
[2/2] Linking C executable cmTC_c3f2c


Source file was:
int main(void) { return 0; }
Performing C++ SOURCE FILE Test CXX_FLAG_WALL succeeded with the following output:
Change Dir: /Users/emilyburton/Documents/session-android/libsession-util/.cxx/Debug/6s4d6l27/armeabi-v7a/CMakeFiles/CMakeTmp

Run Build Command(s):/Users/emilyburton/Library/Android/sdk/cmake/3.22.1/bin/ninja cmTC_4658b && [1/2] Building CXX object CMakeFiles/cmTC_4658b.dir/src.cxx.o
[2/2] Linking CXX executable cmTC_4658b


Source file was:
int main() { return 0; }
Performing C SOURCE FILE Test C_FLAG_WEXTRA succeeded with the following output:
Change Dir: /Users/emilyburton/Documents/session-android/libsession-util/.cxx/Debug/6s4d6l27/armeabi-v7a/CMakeFiles/CMakeTmp

Run Build Command(s):/Users/emilyburton/Library/Android/sdk/cmake/3.22.1/bin/ninja cmTC_409a3 && [1/2] Building C object CMakeFiles/cmTC_409a3.dir/src.c.o
[2/2] Linking C executable cmTC_409a3


Source file was:
int main(void) { return 0; }
Performing C++ SOURCE FILE Test CXX_FLAG_WEXTRA succeeded with the following output:
Change Dir: /Users/emilyburton/Documents/session-android/libsession-util/.cxx/Debug/6s4d6l27/armeabi-v7a/CMakeFiles/CMakeTmp

Run Build Command(s):/Users/emilyburton/Library/Android/sdk/cmake/3.22.1/bin/ninja cmTC_25d19 && [1/2] Building CXX object CMakeFiles/cmTC_25d19.dir/src.cxx.o
[2/2] Linking CXX executable cmTC_25d19


Source file was:
int main() { return 0; }
Performing C SOURCE FILE Test C_FLAG_WUNDEF succeeded with the following output:
Change Dir: /Users/emilyburton/Documents/session-android/libsession-util/.cxx/Debug/6s4d6l27/armeabi-v7a/CMakeFiles/CMakeTmp

Run Build Command(s):/Users/emilyburton/Library/Android/sdk/cmake/3.22.1/bin/ninja cmTC_17f43 && [1/2] Building C object CMakeFiles/cmTC_17f43.dir/src.c.o
[2/2] Linking C executable cmTC_17f43


Source file was:
int main(void) { return 0; }
Performing C++ SOURCE FILE Test CXX_FLAG_WUNDEF succeeded with the following output:
Change Dir: /Users/emilyburton/Documents/session-android/libsession-util/.cxx/Debug/6s4d6l27/armeabi-v7a/CMakeFiles/CMakeTmp

Run Build Command(s):/Users/emilyburton/Library/Android/sdk/cmake/3.22.1/bin/ninja cmTC_83d32 && [1/2] Building CXX object CMakeFiles/cmTC_83d32.dir/src.cxx.o
[2/2] Linking CXX executable cmTC_83d32


Source file was:
int main() { return 0; }
Performing C SOURCE FILE Test C_FLAG_WSHADOW succeeded with the following output:
Change Dir: /Users/emilyburton/Documents/session-android/libsession-util/.cxx/Debug/6s4d6l27/armeabi-v7a/CMakeFiles/CMakeTmp

Run Build Command(s):/Users/emilyburton/Library/Android/sdk/cmake/3.22.1/bin/ninja cmTC_3d63d && [1/2] Building C object CMakeFiles/cmTC_3d63d.dir/src.c.o
[2/2] Linking C executable cmTC_3d63d


Source file was:
int main(void) { return 0; }
Performing C++ SOURCE FILE Test CXX_FLAG_WSHADOW succeeded with the following output:
Change Dir: /Users/emilyburton/Documents/session-android/libsession-util/.cxx/Debug/6s4d6l27/armeabi-v7a/CMakeFiles/CMakeTmp

Run Build Command(s):/Users/emilyburton/Library/Android/sdk/cmake/3.22.1/bin/ninja cmTC_bee23 && [1/2] Building CXX object CMakeFiles/cmTC_bee23.dir/src.cxx.o
[2/2] Linking CXX executable cmTC_bee23


Source file was:
int main() { return 0; }
Performing C SOURCE FILE Test C_FLAG_WCAST_ALIGN succeeded with the following output:
Change Dir: /Users/emilyburton/Documents/session-android/libsession-util/.cxx/Debug/6s4d6l27/armeabi-v7a/CMakeFiles/CMakeTmp

Run Build Command(s):/Users/emilyburton/Library/Android/sdk/cmake/3.22.1/bin/ninja cmTC_26500 && [1/2] Building C object CMakeFiles/cmTC_26500.dir/src.c.o
[2/2] Linking C executable cmTC_26500


Source file was:
int main(void) { return 0; }
Performing C++ SOURCE FILE Test CXX_FLAG_WCAST_ALIGN succeeded with the following output:
Change Dir: /Users/emilyburton/Documents/session-android/libsession-util/.cxx/Debug/6s4d6l27/armeabi-v7a/CMakeFiles/CMakeTmp

Run Build Command(s):/Users/emilyburton/Library/Android/sdk/cmake/3.22.1/bin/ninja cmTC_52504 && [1/2] Building CXX object CMakeFiles/cmTC_52504.dir/src.cxx.o
[2/2] Linking CXX executable cmTC_52504


Source file was:
int main() { return 0; }
Performing C SOURCE FILE Test C_FLAG_WCAST_QUAL succeeded with the following output:
Change Dir: /Users/emilyburton/Documents/session-android/libsession-util/.cxx/Debug/6s4d6l27/armeabi-v7a/CMakeFiles/CMakeTmp

Run Build Command(s):/Users/emilyburton/Library/Android/sdk/cmake/3.22.1/bin/ninja cmTC_33172 && [1/2] Building C object CMakeFiles/cmTC_33172.dir/src.c.o
[2/2] Linking C executable cmTC_33172


Source file was:
int main(void) { return 0; }
Performing C++ SOURCE FILE Test CXX_FLAG_WCAST_QUAL succeeded with the following output:
Change Dir: /Users/emilyburton/Documents/session-android/libsession-util/.cxx/Debug/6s4d6l27/armeabi-v7a/CMakeFiles/CMakeTmp

Run Build Command(s):/Users/emilyburton/Library/Android/sdk/cmake/3.22.1/bin/ninja cmTC_0871a && [1/2] Building CXX object CMakeFiles/cmTC_0871a.dir/src.cxx.o
[2/2] Linking CXX executable cmTC_0871a


Source file was:
int main() { return 0; }
Performing C SOURCE FILE Test C_FLAG_WSTRICT_PROTOTYPES succeeded with the following output:
Change Dir: /Users/emilyburton/Documents/session-android/libsession-util/.cxx/Debug/6s4d6l27/armeabi-v7a/CMakeFiles/CMakeTmp

Run Build Command(s):/Users/emilyburton/Library/Android/sdk/cmake/3.22.1/bin/ninja cmTC_199d4 && [1/2] Building C object CMakeFiles/cmTC_199d4.dir/src.c.o
[2/2] Linking C executable cmTC_199d4


Source file was:
int main(void) { return 0; }
